2025-10-23T08:27:34.589-05:00  INFO 2916 --- [SysVentas] [JavaFX-Launcher] o.s.boot.SpringApplication               : Starting application using Java 17 with PID 2916 (started by SOFTWARE in D:\POO-JOSE-2\G3\POO-JOSE-2\Ventas\SysVentas)
2025-10-23T08:27:34.597-05:00  INFO 2916 --- [SysVentas] [JavaFX-Launcher] o.s.boot.SpringApplication               : No active profile set, falling back to 1 default profile: "default"
2025-10-23T08:27:35.529-05:00  INFO 2916 --- [SysVentas] [JavaFX-Launcher] .s.d.r.c.RepositoryConfigurationDelegate : Bootstrapping Spring Data JPA repositories in DEFAULT mode.
2025-10-23T08:27:35.636-05:00  INFO 2916 --- [SysVentas] [JavaFX-Launcher] .s.d.r.c.RepositoryConfigurationDelegate : Finished Spring Data repository scanning in 96 ms. Found 15 JPA repository interfaces.
2025-10-23T08:27:36.141-05:00  INFO 2916 --- [SysVentas] [JavaFX-Launcher] o.hibernate.jpa.internal.util.LogHelper  : HHH000204: Processing PersistenceUnitInfo [name: default]
2025-10-23T08:27:36.206-05:00  INFO 2916 --- [SysVentas] [JavaFX-Launcher] org.hibernate.Version                    : HHH000412: Hibernate ORM core version 6.6.29.Final
2025-10-23T08:27:36.248-05:00  INFO 2916 --- [SysVentas] [JavaFX-Launcher] o.h.c.internal.RegionFactoryInitiator    : HHH000026: Second-level cache disabled
2025-10-23T08:27:36.571-05:00  INFO 2916 --- [SysVentas] [JavaFX-Launcher] o.s.o.j.p.SpringPersistenceUnitInfo      : No LoadTimeWeaver setup: ignoring JPA class transformer
2025-10-23T08:27:36.628-05:00  INFO 2916 --- [SysVentas] [JavaFX-Launcher] com.zaxxer.hikari.HikariDataSource       : HikariPool-1 - Starting...
2025-10-23T08:27:36.755-05:00  INFO 2916 --- [SysVentas] [JavaFX-Launcher] com.zaxxer.hikari.pool.HikariPool        : HikariPool-1 - Added connection org.sqlite.jdbc4.JDBC4Connection@48ee03c3
2025-10-23T08:27:36.756-05:00  INFO 2916 --- [SysVentas] [JavaFX-Launcher] com.zaxxer.hikari.HikariDataSource       : HikariPool-1 - Start completed.
2025-10-23T08:27:36.796-05:00  INFO 2916 --- [SysVentas] [JavaFX-Launcher] org.hibernate.orm.connections.pooling    : HHH10001005: Database info:
	Database JDBC URL [Connecting through datasource 'HikariDataSource (HikariPool-1)']
	Database driver: undefined/unknown
	Database version: 3.46
	Autocommit mode: undefined/unknown
	Isolation level: undefined/unknown
	Minimum pool size: undefined/unknown
	Maximum pool size: undefined/unknown
2025-10-23T08:27:38.172-05:00  INFO 2916 --- [SysVentas] [JavaFX-Launcher] o.h.e.t.j.p.i.JtaPlatformInitiator       : HHH000489: No JTA platform available (set 'hibernate.transaction.jta.platform' to enable JTA platform integration)
2025-10-23T08:27:38.212-05:00  INFO 2916 --- [SysVentas] [JavaFX-Launcher] j.LocalContainerEntityManagerFactoryBean : Initialized JPA EntityManagerFactory for persistence unit 'default'
2025-10-23T08:27:38.660-05:00  INFO 2916 --- [SysVentas] [JavaFX-Launcher] o.s.d.j.r.query.QueryEnhancerFactory     : Hibernate is in classpath; If applicable, HQL parser will be used.
2025-10-23T08:27:40.078-05:00  INFO 2916 --- [SysVentas] [JavaFX-Launcher] o.s.boot.SpringApplication               : Started application in 6.144 seconds (process running for 7.061)
2025-10-23T08:29:36.998-05:00  WARN 2916 --- [SysVentas] [JavaFX Application Thread] javafx.css                               : Could not resolve '-fx-text-background-color' while resolving lookups for '-fx-text-fill' from rule '*.list-cell' in stylesheet jar:file:/C:/Users/Lab_Software/.m2/repository/org/openjfx/javafx-controls/21/javafx-controls-21-win.jar!/com/sun/javafx/scene/control/skin/modena/modena.bss
2025-10-23T08:29:36.999-05:00  WARN 2916 --- [SysVentas] [JavaFX Application Thread] javafx.css                               : Caught 'java.lang.ClassCastException: class java.lang.String cannot be cast to class javafx.scene.paint.Paint (java.lang.String is in module java.base of loader 'bootstrap'; javafx.scene.paint.Paint is in unnamed module of loader 'app')' while converting value for '-fx-background-color' from rule '*.combo-box-popup>*.list-view>*.virtual-flow>*.clipped-container>*.sheet>*.list-cell:hover:filled:selected' in stylesheet jar:file:/C:/Users/Lab_Software/.m2/repository/org/openjfx/javafx-controls/21/javafx-controls-21-win.jar!/com/sun/javafx/scene/control/skin/modena/modena.bss
2025-10-23T08:29:37.001-05:00  WARN 2916 --- [SysVentas] [JavaFX Application Thread] javafx.css                               : Could not resolve '-fx-text-base-color' while resolving lookups for '-fx-text-fill' from rule '*.combo-box>*.list-cell' in stylesheet jar:file:/C:/Users/Lab_Software/.m2/repository/org/openjfx/javafx-controls/21/javafx-controls-21-win.jar!/com/sun/javafx/scene/control/skin/modena/modena.bss
2025-10-23T08:43:55.772-05:00  INFO 2916 --- [SysVentas] [SpringApplicationShutdownHook] j.LocalContainerEntityManagerFactoryBean : Closing JPA EntityManagerFactory for persistence unit 'default'
2025-10-23T08:43:55.781-05:00  INFO 2916 --- [SysVentas] [SpringApplicationShutdownHook] com.zaxxer.hikari.HikariDataSource       : HikariPool-1 - Shutdown initiated...
2025-10-23T08:43:55.791-05:00  INFO 2916 --- [SysVentas] [SpringApplicationShutdownHook] com.zaxxer.hikari.HikariDataSource       : HikariPool-1 - Shutdown completed.
2025-10-23T08:48:57.098-05:00  INFO 15072 --- [SysVentas] [JavaFX-Launcher] o.s.boot.SpringApplication               : Starting application using Java 17 with PID 15072 (started by SOFTWARE in D:\POO-JOSE-2\G3\POO-JOSE-2\Ventas\SysVentas)
2025-10-23T08:48:57.100-05:00  INFO 15072 --- [SysVentas] [JavaFX-Launcher] o.s.boot.SpringApplication               : No active profile set, falling back to 1 default profile: "default"
2025-10-23T08:48:57.803-05:00  INFO 15072 --- [SysVentas] [JavaFX-Launcher] .s.d.r.c.RepositoryConfigurationDelegate : Bootstrapping Spring Data JPA repositories in DEFAULT mode.
2025-10-23T08:48:57.901-05:00  INFO 15072 --- [SysVentas] [JavaFX-Launcher] .s.d.r.c.RepositoryConfigurationDelegate : Finished Spring Data repository scanning in 87 ms. Found 15 JPA repository interfaces.
2025-10-23T08:48:58.320-05:00  INFO 15072 --- [SysVentas] [JavaFX-Launcher] o.hibernate.jpa.internal.util.LogHelper  : HHH000204: Processing PersistenceUnitInfo [name: default]
2025-10-23T08:48:58.359-05:00  INFO 15072 --- [SysVentas] [JavaFX-Launcher] org.hibernate.Version                    : HHH000412: Hibernate ORM core version 6.6.29.Final
2025-10-23T08:48:58.385-05:00  INFO 15072 --- [SysVentas] [JavaFX-Launcher] o.h.c.internal.RegionFactoryInitiator    : HHH000026: Second-level cache disabled
2025-10-23T08:48:58.651-05:00  INFO 15072 --- [SysVentas] [JavaFX-Launcher] o.s.o.j.p.SpringPersistenceUnitInfo      : No LoadTimeWeaver setup: ignoring JPA class transformer
2025-10-23T08:48:58.697-05:00  INFO 15072 --- [SysVentas] [JavaFX-Launcher] com.zaxxer.hikari.HikariDataSource       : HikariPool-1 - Starting...
2025-10-23T08:48:58.835-05:00  INFO 15072 --- [SysVentas] [JavaFX-Launcher] com.zaxxer.hikari.pool.HikariPool        : HikariPool-1 - Added connection org.sqlite.jdbc4.JDBC4Connection@2695b2f8
2025-10-23T08:48:58.836-05:00  INFO 15072 --- [SysVentas] [JavaFX-Launcher] com.zaxxer.hikari.HikariDataSource       : HikariPool-1 - Start completed.
2025-10-23T08:48:58.881-05:00  INFO 15072 --- [SysVentas] [JavaFX-Launcher] org.hibernate.orm.connections.pooling    : HHH10001005: Database info:
	Database JDBC URL [Connecting through datasource 'HikariDataSource (HikariPool-1)']
	Database driver: undefined/unknown
	Database version: 3.46
	Autocommit mode: undefined/unknown
	Isolation level: undefined/unknown
	Minimum pool size: undefined/unknown
	Maximum pool size: undefined/unknown
2025-10-23T08:49:00.057-05:00  INFO 15072 --- [SysVentas] [JavaFX-Launcher] o.h.e.t.j.p.i.JtaPlatformInitiator       : HHH000489: No JTA platform available (set 'hibernate.transaction.jta.platform' to enable JTA platform integration)
2025-10-23T08:49:00.095-05:00  INFO 15072 --- [SysVentas] [JavaFX-Launcher] j.LocalContainerEntityManagerFactoryBean : Initialized JPA EntityManagerFactory for persistence unit 'default'
2025-10-23T08:49:00.586-05:00  INFO 15072 --- [SysVentas] [JavaFX-Launcher] o.s.d.j.r.query.QueryEnhancerFactory     : Hibernate is in classpath; If applicable, HQL parser will be used.
2025-10-23T08:49:02.088-05:00  INFO 15072 --- [SysVentas] [JavaFX-Launcher] o.s.boot.SpringApplication               : Started application in 5.533 seconds (process running for 6.287)
2025-10-23T09:10:08.253-05:00  INFO 15072 --- [SysVentas] [SpringApplicationShutdownHook] j.LocalContainerEntityManagerFactoryBean : Closing JPA EntityManagerFactory for persistence unit 'default'
2025-10-23T09:10:08.256-05:00  INFO 15072 --- [SysVentas] [SpringApplicationShutdownHook] com.zaxxer.hikari.HikariDataSource       : HikariPool-1 - Shutdown initiated...
2025-10-23T09:10:08.258-05:00  INFO 15072 --- [SysVentas] [SpringApplicationShutdownHook] com.zaxxer.hikari.HikariDataSource       : HikariPool-1 - Shutdown completed.
