#
# There is insufficient memory for the Java Runtime Environment to continue.
# Native memory allocation (malloc) failed to allocate 1434416 bytes. Error detail: Chunk::new
# Possible reasons:
#   The system is out of physical RAM or swap space
#   This process is running with CompressedOops enabled, and the Java Heap may be blocking the growth of the native heap
# Possible solutions:
#   Reduce memory load on the system
#   Increase physical memory or swap space
#   Check if swap backing store is full
#   Decrease Java heap size (-Xmx/-Xms)
#   Decrease number of Java threads
#   Decrease Java thread stack sizes (-Xss)
#   Set larger code cache with -XX:ReservedCodeCacheSize=
#   JVM is running with Unscaled Compressed Oops mode in which the Java heap is
#     placed in the first 4GB address space. The Java Heap base address is the
#     maximum limit for the native heap growth. Please use -XX:HeapBaseMinAddress
#     to set the Java Heap base and to place the Java Heap above 4GB virtual address.
# This output file may be truncated or incomplete.
#
#  Out of Memory Error (arena.cpp:168), pid=8288, tid=11880
#
# JRE version: OpenJDK Runtime Environment JBR-21.0.7+9-895.130-jcef (21.0.7+9) (build 21.0.7+9-b895.130)
# Java VM: OpenJDK 64-Bit Server VM JBR-21.0.7+9-895.130-jcef (21.0.7+9-b895.130, mixed mode, sharing, tiered, compressed oops, compressed class ptrs, g1 gc, windows-amd64)
# No core dump will be written. Minidumps are not enabled by default on client versions of Windows
#

---------------  S U M M A R Y ------------

Command Line: -Dorg.sqlite.tmpdir=C:\Users\Lab_Software\AppData\Local\JetBrains\IntelliJIdea2025.1\jdbc-native-deps\Xerial SQLiteJDBC\3.45.1\sqlite-jdbc-3.45.1.0\libs -Djava.rmi.server.hostname=127.0.0.1 -Duser.timezone=UTC -Xmx2048m -Xms128m -Djdbc.classpath=C:\Users\Lab_Software\AppData\Local\Temp\RemoteDriver.classpath.txt --add-exports=java.desktop/sun.awt=ALL-UNNAMED --add-exports=java.desktop/java.awt.peer=ALL-UNNAMED --add-opens=java.desktop/java.awt=ALL-UNNAMED --add-opens=jdk.unsupported/sun.misc=ALL-UNNAMED --add-opens=java.base/java.nio=ALL-UNNAMED --add-opens=java.base/java.util=ALL-UNNAMED -Dfile.encoding=UTF-8 -Dsun.stdout.encoding=UTF-8 -Dsun.stderr.encoding=UTF-8 com.intellij.database.remote.RemoteJdbcServer org.sqlite.JDBC

Host: Intel(R) Core(TM) i7-10700 CPU @ 2.90GHz, 16 cores, 23G,  Windows 11 , 64 bit Build 26100 (10.0.26100.7019)
Time: Thu Nov 20 10:31:18 2025 Hora est. Pacífico, Sudamérica elapsed time: 3.055639 seconds (0d 0h 0m 3s)

---------------  T H R E A D  ---------------

Current thread (0x000001defcc7d0f0):  JavaThread "C2 CompilerThread0" daemon [_thread_in_native, id=11880, stack(0x000000da3cc00000,0x000000da3cd00000) (1024K)]


Current CompileTask:
C2:3055 2793       4       java.io.ObjectOutputStream::writeClassDesc (60 bytes)

Stack: [0x000000da3cc00000,0x000000da3cd00000]
Native frames: (J=compiled Java code, j=interpreted, Vv=VM code, C=native code)
V  [jvm.dll+0x6e6049]
V  [jvm.dll+0x8c4343]
V  [jvm.dll+0x8c689e]
V  [jvm.dll+0x8c6f83]
V  [jvm.dll+0x289266]
V  [jvm.dll+0xc675d]
V  [jvm.dll+0xc6c93]
V  [jvm.dll+0x3c4a0b]
V  [jvm.dll+0x1e6462]
V  [jvm.dll+0x250a64]
V  [jvm.dll+0x24fee1]
V  [jvm.dll+0x1cd734]
V  [jvm.dll+0x25f76c]
V  [jvm.dll+0x25dcb6]
V  [jvm.dll+0x3ffa86]
V  [jvm.dll+0x86bea8]
V  [jvm.dll+0x6e480d]
C  [ucrtbase.dll+0x37b0]
C  [KERNEL32.DLL+0x2e8d7]
C  [ntdll.dll+0x8c53c]


---------------  P R O C E S S  ---------------

Threads class SMR info:
_java_thread_list=0x000001defe5ba450, length=25, elements={
0x000001dee3c0f8a0, 0x000001defcc6d230, 0x000001defce12d30, 0x000001defcc75e60,
0x000001defcc76d40, 0x000001defcc7a500, 0x000001defcc7af50, 0x000001defcc7d0f0,
0x000001defcc81e50, 0x000001defcc3c480, 0x000001defcf68a20, 0x000001defcf6c160,
0x000001defd4c3440, 0x000001defd5d2cc0, 0x000001defd5f2920, 0x000001defd673ab0,
0x000001defd67a140, 0x000001defd753bc0, 0x000001defd754220, 0x000001defd777ff0,
0x000001defd778650, 0x000001defd7b4c30, 0x000001defd7b3880, 0x000001defdd49450,
0x000001defd7409e0
}

Java Threads: ( => current thread )
  0x000001dee3c0f8a0 JavaThread "main"                              [_thread_blocked, id=12188, stack(0x000000da3be00000,0x000000da3bf00000) (1024K)]
  0x000001defcc6d230 JavaThread "Reference Handler"          daemon [_thread_blocked, id=26268, stack(0x000000da3c600000,0x000000da3c700000) (1024K)]
  0x000001defce12d30 JavaThread "Finalizer"                  daemon [_thread_blocked, id=24796, stack(0x000000da3c700000,0x000000da3c800000) (1024K)]
  0x000001defcc75e60 JavaThread "Signal Dispatcher"          daemon [_thread_blocked, id=7628, stack(0x000000da3c800000,0x000000da3c900000) (1024K)]
  0x000001defcc76d40 JavaThread "Attach Listener"            daemon [_thread_blocked, id=7080, stack(0x000000da3c900000,0x000000da3ca00000) (1024K)]
  0x000001defcc7a500 JavaThread "Service Thread"             daemon [_thread_blocked, id=28760, stack(0x000000da3ca00000,0x000000da3cb00000) (1024K)]
  0x000001defcc7af50 JavaThread "Monitor Deflation Thread"   daemon [_thread_blocked, id=7420, stack(0x000000da3cb00000,0x000000da3cc00000) (1024K)]
=>0x000001defcc7d0f0 JavaThread "C2 CompilerThread0"         daemon [_thread_in_native, id=11880, stack(0x000000da3cc00000,0x000000da3cd00000) (1024K)]
  0x000001defcc81e50 JavaThread "C1 CompilerThread0"         daemon [_thread_blocked, id=28116, stack(0x000000da3cd00000,0x000000da3ce00000) (1024K)]
  0x000001defcc3c480 JavaThread "C1 CompilerThread1"         daemon [_thread_blocked, id=4672, stack(0x000000da3ce00000,0x000000da3cf00000) (1024K)]
  0x000001defcf68a20 JavaThread "Common-Cleaner"             daemon [_thread_blocked, id=27876, stack(0x000000da3cf00000,0x000000da3d000000) (1024K)]
  0x000001defcf6c160 JavaThread "Notification Thread"        daemon [_thread_blocked, id=11864, stack(0x000000da3d000000,0x000000da3d100000) (1024K)]
  0x000001defd4c3440 JavaThread "C1 CompilerThread2"         daemon [_thread_blocked, id=8048, stack(0x000000da3d300000,0x000000da3d400000) (1024K)]
  0x000001defd5d2cc0 JavaThread "RMI TCP Accept-50310"       daemon [_thread_in_native, id=28324, stack(0x000000da3d500000,0x000000da3d600000) (1024K)]
  0x000001defd5f2920 JavaThread "RMI TCP Accept-0"           daemon [_thread_in_native, id=10040, stack(0x000000da3d600000,0x000000da3d700000) (1024K)]
  0x000001defd673ab0 JavaThread "RMI Reaper"                        [_thread_blocked, id=12196, stack(0x000000da3d700000,0x000000da3d800000) (1024K)]
  0x000001defd67a140 JavaThread "RMI GC Daemon"              daemon [_thread_blocked, id=24084, stack(0x000000da3d800000,0x000000da3d900000) (1024K)]
  0x000001defd753bc0 JavaThread "RMI TCP Connection(1)-127.0.0.1" daemon [_thread_in_native, id=6320, stack(0x000000da3d900000,0x000000da3da00000) (1024K)]
  0x000001defd754220 JavaThread "RMI TCP Connection(2)-127.0.0.1" daemon [_thread_in_native, id=15696, stack(0x000000da3da00000,0x000000da3db00000) (1024K)]
  0x000001defd777ff0 JavaThread "RMI Scheduler(0)"           daemon [_thread_blocked, id=23344, stack(0x000000da3db00000,0x000000da3dc00000) (1024K)]
  0x000001defd778650 JavaThread "RMI TCP Connection(3)-127.0.0.1" daemon [_thread_in_native, id=8568, stack(0x000000da3dc00000,0x000000da3dd00000) (1024K)]
  0x000001defd7b4c30 JavaThread "RMI TCP Connection(4)-127.0.0.1" daemon [_thread_in_native, id=18212, stack(0x000000da3dd00000,0x000000da3de00000) (1024K)]
  0x000001defd7b3880 JavaThread "RMI RenewClean-[127.0.0.1:62179]" daemon [_thread_blocked, id=28892, stack(0x000000da3de00000,0x000000da3df00000) (1024K)]
  0x000001defdd49450 JavaThread "C2 CompilerThread1"         daemon [_thread_in_native, id=15516, stack(0x000000da3d200000,0x000000da3d300000) (1024K)]
  0x000001defd7409e0 JavaThread "C2 CompilerThread2"         daemon [_thread_blocked, id=17860, stack(0x000000da3ea00000,0x000000da3eb00000) (1024K)]
Total: 25

Other Threads:
  0x000001defcc4ccd0 VMThread "VM Thread"                           [id=3388, stack(0x000000da3c500000,0x000000da3c600000) (1024K)]
  0x000001defcc3bd10 WatcherThread "VM Periodic Task Thread"        [id=17168, stack(0x000000da3c400000,0x000000da3c500000) (1024K)]
  0x000001dee3c667d0 WorkerThread "GC Thread#0"                     [id=27852, stack(0x000000da3bf00000,0x000000da3c000000) (1024K)]
  0x000001defd682d90 WorkerThread "GC Thread#1"                     [id=18568, stack(0x000000da3df00000,0x000000da3e000000) (1024K)]
  0x000001defd71f990 WorkerThread "GC Thread#2"                     [id=23644, stack(0x000000da3e000000,0x000000da3e100000) (1024K)]
  0x000001defd730360 WorkerThread "GC Thread#3"                     [id=18328, stack(0x000000da3e100000,0x000000da3e200000) (1024K)]
  0x000001defd742240 WorkerThread "GC Thread#4"                     [id=18040, stack(0x000000da3e200000,0x000000da3e300000) (1024K)]
  0x000001defd74c470 WorkerThread "GC Thread#5"                     [id=3968, stack(0x000000da3e300000,0x000000da3e400000) (1024K)]
  0x000001defd74d830 WorkerThread "GC Thread#6"                     [id=25904, stack(0x000000da3e400000,0x000000da3e500000) (1024K)]
  0x000001defd74e3e0 WorkerThread "GC Thread#7"                     [id=2576, stack(0x000000da3e500000,0x000000da3e600000) (1024K)]
  0x000001defd74fd90 WorkerThread "GC Thread#8"                     [id=14364, stack(0x000000da3e600000,0x000000da3e700000) (1024K)]
  0x000001defd74ef10 WorkerThread "GC Thread#9"                     [id=22536, stack(0x000000da3e700000,0x000000da3e800000) (1024K)]
  0x000001defd74f2b0 WorkerThread "GC Thread#10"                    [id=5808, stack(0x000000da3e800000,0x000000da3e900000) (1024K)]
  0x000001defd74f650 WorkerThread "GC Thread#11"                    [id=504, stack(0x000000da3e900000,0x000000da3ea00000) (1024K)]
  0x000001defd74e7d0 WorkerThread "GC Thread#12"                    [id=28360, stack(0x000000da3d100000,0x000000da3d200000) (1024K)]
  0x000001dee3c78540 ConcurrentGCThread "G1 Main Marker"            [id=12388, stack(0x000000da3c000000,0x000000da3c100000) (1024K)]
  0x000001dee3c796f0 WorkerThread "G1 Conc#0"                       [id=18532, stack(0x000000da3c100000,0x000000da3c200000) (1024K)]
  0x000001dee3cce8b0 ConcurrentGCThread "G1 Refine#0"               [id=10368, stack(0x000000da3c200000,0x000000da3c300000) (1024K)]
  0x000001defcafe5f0 ConcurrentGCThread "G1 Service"                [id=8236, stack(0x000000da3c300000,0x000000da3c400000) (1024K)]
Total: 19

Threads with active compile tasks:
C2 CompilerThread0  3090 2793       4       java.io.ObjectOutputStream::writeClassDesc (60 bytes)
C2 CompilerThread1  3090 2864   !   4       java.io.BufferedOutputStream::flush (60 bytes)
Total: 2

VM state: not at safepoint (normal execution)

VM Mutex/Monitor currently owned by a thread: None

Heap address: 0x0000000080000000, size: 2048 MB, Compressed Oops mode: 32-bit

CDS archive(s) mapped at: [0x000001de80000000-0x000001de80d10000-0x000001de80d10000), size 13697024, SharedBaseAddress: 0x000001de80000000, ArchiveRelocationMode: 1.
Compressed class space mapped at: 0x000001de81000000-0x000001dec1000000, reserved size: 1073741824
Narrow klass base: 0x000001de80000000, Narrow klass shift: 0, Narrow klass range: 0x100000000

GC Precious Log:
 CardTable entry size: 512
 Card Set container configuration: InlinePtr #cards 5 size 8 Array Of Cards #cards 12 size 40 Howl #buckets 4 coarsen threshold 1843 Howl Bitmap #cards 512 size 80 coarsen threshold 460 Card regions per heap region 1 cards per card region 2048
 CPUs: 16 total, 16 available
 Memory: 24320M
 Large Page Support: Disabled
 NUMA Support: Disabled
 Compressed Oops: Enabled (32-bit)
 Heap Region Size: 1M
 Heap Min Capacity: 128M
 Heap Initial Capacity: 128M
 Heap Max Capacity: 2G
 Pre-touch: Disabled
 Parallel Workers: 13
 Concurrent Workers: 3
 Concurrent Refinement Workers: 13
 Periodic GC: Disabled

Heap:
 garbage-first heap   total 131072K, used 30210K [0x0000000080000000, 0x0000000100000000)
  region size 1024K, 22 young (22528K), 2 survivors (2048K)
 Metaspace       used 11317K, committed 11712K, reserved 1114112K
  class space    used 1278K, committed 1472K, reserved 1048576K

Heap Regions: E=young(eden), S=young(survivor), O=old, HS=humongous(starts), HC=humongous(continues), CS=collection set, F=free, TAMS=top-at-mark-start, PB=parsable bottom
|   0|0x0000000080000000, 0x0000000080100000, 0x0000000080100000|100%|HS|  |TAMS 0x0000000080000000| PB 0x0000000080000000| Complete 
|   1|0x0000000080100000, 0x0000000080200000, 0x0000000080200000|100%|HC|  |TAMS 0x0000000080100000| PB 0x0000000080100000| Complete 
|   2|0x0000000080200000, 0x0000000080300000, 0x0000000080300000|100%|HS|  |TAMS 0x0000000080200000| PB 0x0000000080200000| Complete 
|   3|0x0000000080300000, 0x0000000080400000, 0x0000000080400000|100%|HS|  |TAMS 0x0000000080300000| PB 0x0000000080300000| Complete 
|   4|0x0000000080400000, 0x0000000080500000, 0x0000000080500000|100%| O|  |TAMS 0x0000000080400000| PB 0x0000000080400000| Untracked 
|   5|0x0000000080500000, 0x0000000080600000, 0x0000000080600000|100%| O|  |TAMS 0x0000000080500000| PB 0x0000000080500000| Untracked 
|   6|0x0000000080600000, 0x0000000080700000, 0x0000000080700000|100%| O|  |TAMS 0x0000000080600000| PB 0x0000000080600000| Untracked 
|   7|0x0000000080700000, 0x0000000080800000, 0x0000000080800000|100%| O|  |TAMS 0x0000000080700000| PB 0x0000000080700000| Untracked 
|   8|0x0000000080800000, 0x00000000808b9a90, 0x0000000080900000| 72%| O|  |TAMS 0x0000000080800000| PB 0x0000000080800000| Untracked 
|   9|0x0000000080900000, 0x0000000080900000, 0x0000000080a00000|  0%| F|  |TAMS 0x0000000080900000| PB 0x0000000080900000| Untracked 
|  10|0x0000000080a00000, 0x0000000080a00000, 0x0000000080b00000|  0%| F|  |TAMS 0x0000000080a00000| PB 0x0000000080a00000| Untracked 
|  11|0x0000000080b00000, 0x0000000080b00000, 0x0000000080c00000|  0%| F|  |TAMS 0x0000000080b00000| PB 0x0000000080b00000| Untracked 
|  12|0x0000000080c00000, 0x0000000080c00000, 0x0000000080d00000|  0%| F|  |TAMS 0x0000000080c00000| PB 0x0000000080c00000| Untracked 
|  13|0x0000000080d00000, 0x0000000080d00000, 0x0000000080e00000|  0%| F|  |TAMS 0x0000000080d00000| PB 0x0000000080d00000| Untracked 
|  14|0x0000000080e00000, 0x0000000080e00000, 0x0000000080f00000|  0%| F|  |TAMS 0x0000000080e00000| PB 0x0000000080e00000| Untracked 
|  15|0x0000000080f00000, 0x0000000080f00000, 0x0000000081000000|  0%| F|  |TAMS 0x0000000080f00000| PB 0x0000000080f00000| Untracked 
|  16|0x0000000081000000, 0x0000000081000000, 0x0000000081100000|  0%| F|  |TAMS 0x0000000081000000| PB 0x0000000081000000| Untracked 
|  17|0x0000000081100000, 0x0000000081100000, 0x0000000081200000|  0%| F|  |TAMS 0x0000000081100000| PB 0x0000000081100000| Untracked 
|  18|0x0000000081200000, 0x0000000081200000, 0x0000000081300000|  0%| F|  |TAMS 0x0000000081200000| PB 0x0000000081200000| Untracked 
|  19|0x0000000081300000, 0x0000000081300000, 0x0000000081400000|  0%| F|  |TAMS 0x0000000081300000| PB 0x0000000081300000| Untracked 
|  20|0x0000000081400000, 0x0000000081400000, 0x0000000081500000|  0%| F|  |TAMS 0x0000000081400000| PB 0x0000000081400000| Untracked 
|  21|0x0000000081500000, 0x0000000081500000, 0x0000000081600000|  0%| F|  |TAMS 0x0000000081500000| PB 0x0000000081500000| Untracked 
|  22|0x0000000081600000, 0x0000000081600000, 0x0000000081700000|  0%| F|  |TAMS 0x0000000081600000| PB 0x0000000081600000| Untracked 
|  23|0x0000000081700000, 0x0000000081700000, 0x0000000081800000|  0%| F|  |TAMS 0x0000000081700000| PB 0x0000000081700000| Untracked 
|  24|0x0000000081800000, 0x0000000081800000, 0x0000000081900000|  0%| F|  |TAMS 0x0000000081800000| PB 0x0000000081800000| Untracked 
|  25|0x0000000081900000, 0x0000000081900000, 0x0000000081a00000|  0%| F|  |TAMS 0x0000000081900000| PB 0x0000000081900000| Untracked 
|  26|0x0000000081a00000, 0x0000000081a00000, 0x0000000081b00000|  0%| F|  |TAMS 0x0000000081a00000| PB 0x0000000081a00000| Untracked 
|  27|0x0000000081b00000, 0x0000000081b00000, 0x0000000081c00000|  0%| F|  |TAMS 0x0000000081b00000| PB 0x0000000081b00000| Untracked 
|  28|0x0000000081c00000, 0x0000000081c00000, 0x0000000081d00000|  0%| F|  |TAMS 0x0000000081c00000| PB 0x0000000081c00000| Untracked 
|  29|0x0000000081d00000, 0x0000000081d00000, 0x0000000081e00000|  0%| F|  |TAMS 0x0000000081d00000| PB 0x0000000081d00000| Untracked 
|  30|0x0000000081e00000, 0x0000000081e00000, 0x0000000081f00000|  0%| F|  |TAMS 0x0000000081e00000| PB 0x0000000081e00000| Untracked 
|  31|0x0000000081f00000, 0x0000000081f00000, 0x0000000082000000|  0%| F|  |TAMS 0x0000000081f00000| PB 0x0000000081f00000| Untracked 
|  32|0x0000000082000000, 0x0000000082000000, 0x0000000082100000|  0%| F|  |TAMS 0x0000000082000000| PB 0x0000000082000000| Untracked 
|  33|0x0000000082100000, 0x0000000082100000, 0x0000000082200000|  0%| F|  |TAMS 0x0000000082100000| PB 0x0000000082100000| Untracked 
|  34|0x0000000082200000, 0x0000000082200000, 0x0000000082300000|  0%| F|  |TAMS 0x0000000082200000| PB 0x0000000082200000| Untracked 
|  35|0x0000000082300000, 0x0000000082300000, 0x0000000082400000|  0%| F|  |TAMS 0x0000000082300000| PB 0x0000000082300000| Untracked 
|  36|0x0000000082400000, 0x0000000082400000, 0x0000000082500000|  0%| F|  |TAMS 0x0000000082400000| PB 0x0000000082400000| Untracked 
|  37|0x0000000082500000, 0x0000000082500000, 0x0000000082600000|  0%| F|  |TAMS 0x0000000082500000| PB 0x0000000082500000| Untracked 
|  38|0x0000000082600000, 0x0000000082600000, 0x0000000082700000|  0%| F|  |TAMS 0x0000000082600000| PB 0x0000000082600000| Untracked 
|  39|0x0000000082700000, 0x0000000082700000, 0x0000000082800000|  0%| F|  |TAMS 0x0000000082700000| PB 0x0000000082700000| Untracked 
|  40|0x0000000082800000, 0x0000000082800000, 0x0000000082900000|  0%| F|  |TAMS 0x0000000082800000| PB 0x0000000082800000| Untracked 
|  41|0x0000000082900000, 0x0000000082900000, 0x0000000082a00000|  0%| F|  |TAMS 0x0000000082900000| PB 0x0000000082900000| Untracked 
|  42|0x0000000082a00000, 0x0000000082a00000, 0x0000000082b00000|  0%| F|  |TAMS 0x0000000082a00000| PB 0x0000000082a00000| Untracked 
|  43|0x0000000082b00000, 0x0000000082b00000, 0x0000000082c00000|  0%| F|  |TAMS 0x0000000082b00000| PB 0x0000000082b00000| Untracked 
|  44|0x0000000082c00000, 0x0000000082c00000, 0x0000000082d00000|  0%| F|  |TAMS 0x0000000082c00000| PB 0x0000000082c00000| Untracked 
|  45|0x0000000082d00000, 0x0000000082d00000, 0x0000000082e00000|  0%| F|  |TAMS 0x0000000082d00000| PB 0x0000000082d00000| Untracked 
|  46|0x0000000082e00000, 0x0000000082e00000, 0x0000000082f00000|  0%| F|  |TAMS 0x0000000082e00000| PB 0x0000000082e00000| Untracked 
|  47|0x0000000082f00000, 0x0000000082f00000, 0x0000000083000000|  0%| F|  |TAMS 0x0000000082f00000| PB 0x0000000082f00000| Untracked 
|  48|0x0000000083000000, 0x0000000083000000, 0x0000000083100000|  0%| F|  |TAMS 0x0000000083000000| PB 0x0000000083000000| Untracked 
|  49|0x0000000083100000, 0x0000000083100000, 0x0000000083200000|  0%| F|  |TAMS 0x0000000083100000| PB 0x0000000083100000| Untracked 
|  50|0x0000000083200000, 0x0000000083200000, 0x0000000083300000|  0%| F|  |TAMS 0x0000000083200000| PB 0x0000000083200000| Untracked 
|  51|0x0000000083300000, 0x0000000083300000, 0x0000000083400000|  0%| F|  |TAMS 0x0000000083300000| PB 0x0000000083300000| Untracked 
|  52|0x0000000083400000, 0x0000000083400000, 0x0000000083500000|  0%| F|  |TAMS 0x0000000083400000| PB 0x0000000083400000| Untracked 
|  53|0x0000000083500000, 0x0000000083500000, 0x0000000083600000|  0%| F|  |TAMS 0x0000000083500000| PB 0x0000000083500000| Untracked 
|  54|0x0000000083600000, 0x0000000083600000, 0x0000000083700000|  0%| F|  |TAMS 0x0000000083600000| PB 0x0000000083600000| Untracked 
|  55|0x0000000083700000, 0x0000000083700000, 0x0000000083800000|  0%| F|  |TAMS 0x0000000083700000| PB 0x0000000083700000| Untracked 
|  56|0x0000000083800000, 0x0000000083800000, 0x0000000083900000|  0%| F|  |TAMS 0x0000000083800000| PB 0x0000000083800000| Untracked 
|  57|0x0000000083900000, 0x0000000083900000, 0x0000000083a00000|  0%| F|  |TAMS 0x0000000083900000| PB 0x0000000083900000| Untracked 
|  58|0x0000000083a00000, 0x0000000083a00000, 0x0000000083b00000|  0%| F|  |TAMS 0x0000000083a00000| PB 0x0000000083a00000| Untracked 
|  59|0x0000000083b00000, 0x0000000083b00000, 0x0000000083c00000|  0%| F|  |TAMS 0x0000000083b00000| PB 0x0000000083b00000| Untracked 
|  60|0x0000000083c00000, 0x0000000083c00000, 0x0000000083d00000|  0%| F|  |TAMS 0x0000000083c00000| PB 0x0000000083c00000| Untracked 
|  61|0x0000000083d00000, 0x0000000083d00000, 0x0000000083e00000|  0%| F|  |TAMS 0x0000000083d00000| PB 0x0000000083d00000| Untracked 
|  62|0x0000000083e00000, 0x0000000083e00000, 0x0000000083f00000|  0%| F|  |TAMS 0x0000000083e00000| PB 0x0000000083e00000| Untracked 
|  63|0x0000000083f00000, 0x0000000083f00000, 0x0000000084000000|  0%| F|  |TAMS 0x0000000083f00000| PB 0x0000000083f00000| Untracked 
|  64|0x0000000084000000, 0x0000000084000000, 0x0000000084100000|  0%| F|  |TAMS 0x0000000084000000| PB 0x0000000084000000| Untracked 
|  65|0x0000000084100000, 0x0000000084100000, 0x0000000084200000|  0%| F|  |TAMS 0x0000000084100000| PB 0x0000000084100000| Untracked 
|  66|0x0000000084200000, 0x0000000084200000, 0x0000000084300000|  0%| F|  |TAMS 0x0000000084200000| PB 0x0000000084200000| Untracked 
|  67|0x0000000084300000, 0x0000000084300000, 0x0000000084400000|  0%| F|  |TAMS 0x0000000084300000| PB 0x0000000084300000| Untracked 
|  68|0x0000000084400000, 0x0000000084400000, 0x0000000084500000|  0%| F|  |TAMS 0x0000000084400000| PB 0x0000000084400000| Untracked 
|  69|0x0000000084500000, 0x0000000084500000, 0x0000000084600000|  0%| F|  |TAMS 0x0000000084500000| PB 0x0000000084500000| Untracked 
|  70|0x0000000084600000, 0x0000000084600000, 0x0000000084700000|  0%| F|  |TAMS 0x0000000084600000| PB 0x0000000084600000| Untracked 
|  71|0x0000000084700000, 0x0000000084700000, 0x0000000084800000|  0%| F|  |TAMS 0x0000000084700000| PB 0x0000000084700000| Untracked 
|  72|0x0000000084800000, 0x0000000084800000, 0x0000000084900000|  0%| F|  |TAMS 0x0000000084800000| PB 0x0000000084800000| Untracked 
|  73|0x0000000084900000, 0x0000000084900000, 0x0000000084a00000|  0%| F|  |TAMS 0x0000000084900000| PB 0x0000000084900000| Untracked 
|  74|0x0000000084a00000, 0x0000000084a00000, 0x0000000084b00000|  0%| F|  |TAMS 0x0000000084a00000| PB 0x0000000084a00000| Untracked 
|  75|0x0000000084b00000, 0x0000000084b00000, 0x0000000084c00000|  0%| F|  |TAMS 0x0000000084b00000| PB 0x0000000084b00000| Untracked 
|  76|0x0000000084c00000, 0x0000000084c00000, 0x0000000084d00000|  0%| F|  |TAMS 0x0000000084c00000| PB 0x0000000084c00000| Untracked 
|  77|0x0000000084d00000, 0x0000000084d00000, 0x0000000084e00000|  0%| F|  |TAMS 0x0000000084d00000| PB 0x0000000084d00000| Untracked 
|  78|0x0000000084e00000, 0x0000000084e00000, 0x0000000084f00000|  0%| F|  |TAMS 0x0000000084e00000| PB 0x0000000084e00000| Untracked 
|  79|0x0000000084f00000, 0x0000000084f00000, 0x0000000085000000|  0%| F|  |TAMS 0x0000000084f00000| PB 0x0000000084f00000| Untracked 
|  80|0x0000000085000000, 0x0000000085000000, 0x0000000085100000|  0%| F|  |TAMS 0x0000000085000000| PB 0x0000000085000000| Untracked 
|  81|0x0000000085100000, 0x0000000085100000, 0x0000000085200000|  0%| F|  |TAMS 0x0000000085100000| PB 0x0000000085100000| Untracked 
|  82|0x0000000085200000, 0x0000000085200000, 0x0000000085300000|  0%| F|  |TAMS 0x0000000085200000| PB 0x0000000085200000| Untracked 
|  83|0x0000000085300000, 0x0000000085300000, 0x0000000085400000|  0%| F|  |TAMS 0x0000000085300000| PB 0x0000000085300000| Untracked 
|  84|0x0000000085400000, 0x0000000085400000, 0x0000000085500000|  0%| F|  |TAMS 0x0000000085400000| PB 0x0000000085400000| Untracked 
|  85|0x0000000085500000, 0x0000000085500000, 0x0000000085600000|  0%| F|  |TAMS 0x0000000085500000| PB 0x0000000085500000| Untracked 
|  86|0x0000000085600000, 0x0000000085600000, 0x0000000085700000|  0%| F|  |TAMS 0x0000000085600000| PB 0x0000000085600000| Untracked 
|  87|0x0000000085700000, 0x0000000085700000, 0x0000000085800000|  0%| F|  |TAMS 0x0000000085700000| PB 0x0000000085700000| Untracked 
|  88|0x0000000085800000, 0x0000000085800000, 0x0000000085900000|  0%| F|  |TAMS 0x0000000085800000| PB 0x0000000085800000| Untracked 
|  89|0x0000000085900000, 0x0000000085900000, 0x0000000085a00000|  0%| F|  |TAMS 0x0000000085900000| PB 0x0000000085900000| Untracked 
|  90|0x0000000085a00000, 0x0000000085a00000, 0x0000000085b00000|  0%| F|  |TAMS 0x0000000085a00000| PB 0x0000000085a00000| Untracked 
|  91|0x0000000085b00000, 0x0000000085b00000, 0x0000000085c00000|  0%| F|  |TAMS 0x0000000085b00000| PB 0x0000000085b00000| Untracked 
|  92|0x0000000085c00000, 0x0000000085c00000, 0x0000000085d00000|  0%| F|  |TAMS 0x0000000085c00000| PB 0x0000000085c00000| Untracked 
|  93|0x0000000085d00000, 0x0000000085d00000, 0x0000000085e00000|  0%| F|  |TAMS 0x0000000085d00000| PB 0x0000000085d00000| Untracked 
|  94|0x0000000085e00000, 0x0000000085e00000, 0x0000000085f00000|  0%| F|  |TAMS 0x0000000085e00000| PB 0x0000000085e00000| Untracked 
|  95|0x0000000085f00000, 0x0000000085fc6ed0, 0x0000000086000000| 77%| S|CS|TAMS 0x0000000085f00000| PB 0x0000000085f00000| Complete 
|  96|0x0000000086000000, 0x0000000086100000, 0x0000000086100000|100%| S|CS|TAMS 0x0000000086000000| PB 0x0000000086000000| Complete 
|  97|0x0000000086100000, 0x0000000086100000, 0x0000000086200000|  0%| F|  |TAMS 0x0000000086100000| PB 0x0000000086100000| Untracked 
|  98|0x0000000086200000, 0x0000000086200000, 0x0000000086300000|  0%| F|  |TAMS 0x0000000086200000| PB 0x0000000086200000| Untracked 
|  99|0x0000000086300000, 0x0000000086300000, 0x0000000086400000|  0%| F|  |TAMS 0x0000000086300000| PB 0x0000000086300000| Untracked 
| 100|0x0000000086400000, 0x0000000086400000, 0x0000000086500000|  0%| F|  |TAMS 0x0000000086400000| PB 0x0000000086400000| Untracked 
| 101|0x0000000086500000, 0x0000000086500000, 0x0000000086600000|  0%| F|  |TAMS 0x0000000086500000| PB 0x0000000086500000| Untracked 
| 102|0x0000000086600000, 0x0000000086600000, 0x0000000086700000|  0%| F|  |TAMS 0x0000000086600000| PB 0x0000000086600000| Untracked 
| 103|0x0000000086700000, 0x0000000086700000, 0x0000000086800000|  0%| F|  |TAMS 0x0000000086700000| PB 0x0000000086700000| Untracked 
| 104|0x0000000086800000, 0x0000000086800000, 0x0000000086900000|  0%| F|  |TAMS 0x0000000086800000| PB 0x0000000086800000| Untracked 
| 105|0x0000000086900000, 0x0000000086900000, 0x0000000086a00000|  0%| F|  |TAMS 0x0000000086900000| PB 0x0000000086900000| Untracked 
| 106|0x0000000086a00000, 0x0000000086a00000, 0x0000000086b00000|  0%| F|  |TAMS 0x0000000086a00000| PB 0x0000000086a00000| Untracked 
| 107|0x0000000086b00000, 0x0000000086b00000, 0x0000000086c00000|  0%| F|  |TAMS 0x0000000086b00000| PB 0x0000000086b00000| Untracked 
| 108|0x0000000086c00000, 0x0000000086c7e4e0, 0x0000000086d00000| 49%| E|  |TAMS 0x0000000086c00000| PB 0x0000000086c00000| Complete 
| 109|0x0000000086d00000, 0x0000000086e00000, 0x0000000086e00000|100%| E|CS|TAMS 0x0000000086d00000| PB 0x0000000086d00000| Complete 
| 110|0x0000000086e00000, 0x0000000086f00000, 0x0000000086f00000|100%| E|CS|TAMS 0x0000000086e00000| PB 0x0000000086e00000| Complete 
| 111|0x0000000086f00000, 0x0000000087000000, 0x0000000087000000|100%| E|CS|TAMS 0x0000000086f00000| PB 0x0000000086f00000| Complete 
| 112|0x0000000087000000, 0x0000000087100000, 0x0000000087100000|100%| E|CS|TAMS 0x0000000087000000| PB 0x0000000087000000| Complete 
| 113|0x0000000087100000, 0x0000000087200000, 0x0000000087200000|100%| E|CS|TAMS 0x0000000087100000| PB 0x0000000087100000| Complete 
| 114|0x0000000087200000, 0x0000000087300000, 0x0000000087300000|100%| E|CS|TAMS 0x0000000087200000| PB 0x0000000087200000| Complete 
| 115|0x0000000087300000, 0x0000000087400000, 0x0000000087400000|100%| E|CS|TAMS 0x0000000087300000| PB 0x0000000087300000| Complete 
| 116|0x0000000087400000, 0x0000000087500000, 0x0000000087500000|100%| E|CS|TAMS 0x0000000087400000| PB 0x0000000087400000| Complete 
| 117|0x0000000087500000, 0x0000000087600000, 0x0000000087600000|100%| E|CS|TAMS 0x0000000087500000| PB 0x0000000087500000| Complete 
| 118|0x0000000087600000, 0x0000000087700000, 0x0000000087700000|100%| E|CS|TAMS 0x0000000087600000| PB 0x0000000087600000| Complete 
| 119|0x0000000087700000, 0x0000000087800000, 0x0000000087800000|100%| E|CS|TAMS 0x0000000087700000| PB 0x0000000087700000| Complete 
| 120|0x0000000087800000, 0x0000000087900000, 0x0000000087900000|100%| E|CS|TAMS 0x0000000087800000| PB 0x0000000087800000| Complete 
| 121|0x0000000087900000, 0x0000000087a00000, 0x0000000087a00000|100%| E|CS|TAMS 0x0000000087900000| PB 0x0000000087900000| Complete 
| 122|0x0000000087a00000, 0x0000000087b00000, 0x0000000087b00000|100%| E|CS|TAMS 0x0000000087a00000| PB 0x0000000087a00000| Complete 
| 123|0x0000000087b00000, 0x0000000087c00000, 0x0000000087c00000|100%| E|CS|TAMS 0x0000000087b00000| PB 0x0000000087b00000| Complete 
| 124|0x0000000087c00000, 0x0000000087d00000, 0x0000000087d00000|100%| E|CS|TAMS 0x0000000087c00000| PB 0x0000000087c00000| Complete 
| 125|0x0000000087d00000, 0x0000000087e00000, 0x0000000087e00000|100%| E|CS|TAMS 0x0000000087d00000| PB 0x0000000087d00000| Complete 
| 126|0x0000000087e00000, 0x0000000087f00000, 0x0000000087f00000|100%| E|CS|TAMS 0x0000000087e00000| PB 0x0000000087e00000| Complete 
| 127|0x0000000087f00000, 0x0000000088000000, 0x0000000088000000|100%| E|CS|TAMS 0x0000000087f00000| PB 0x0000000087f00000| Complete 

Card table byte_map: [0x000001def78d0000,0x000001def7cd0000] _byte_map_base: 0x000001def74d0000

Marking Bits: (CMBitMap*) 0x000001dee3c66de0
 Bits: [0x000001def7cd0000, 0x000001def9cd0000)

Polling page: 0x000001dee19e0000

Metaspace:

Usage:
  Non-class:      9.80 MB used.
      Class:      1.25 MB used.
       Both:     11.05 MB used.

Virtual space:
  Non-class space:       64.00 MB reserved,      10.00 MB ( 16%) committed,  1 nodes.
      Class space:        1.00 GB reserved,       1.44 MB ( <1%) committed,  1 nodes.
             Both:        1.06 GB reserved,      11.44 MB (  1%) committed. 

Chunk freelists:
   Non-Class:  6.01 MB
       Class:  14.38 MB
        Both:  20.39 MB

MaxMetaspaceSize: unlimited
CompressedClassSpaceSize: 1.00 GB
Initial GC threshold: 21.00 MB
Current GC threshold: 21.00 MB
CDS: on
 - commit_granule_bytes: 65536.
 - commit_granule_words: 8192.
 - virtual_space_node_default_size: 8388608.
 - enlarge_chunks_in_place: 1.
 - use_allocation_guard: 0.


Internal statistics:

num_allocs_failed_limit: 0.
num_arena_births: 584.
num_arena_deaths: 0.
num_vsnodes_births: 2.
num_vsnodes_deaths: 0.
num_space_committed: 183.
num_space_uncommitted: 0.
num_chunks_returned_to_freelist: 0.
num_chunks_taken_from_freelist: 1038.
num_chunk_merges: 0.
num_chunk_splits: 592.
num_chunks_enlarged: 205.
num_inconsistent_stats: 0.

CodeHeap 'non-profiled nmethods': size=119168Kb used=1191Kb max_used=1191Kb free=117976Kb
 bounds [0x000001deef7f0000, 0x000001deefa60000, 0x000001def6c50000]
CodeHeap 'profiled nmethods': size=119104Kb used=5918Kb max_used=5918Kb free=113185Kb
 bounds [0x000001dee7c50000, 0x000001dee8220000, 0x000001deef0a0000]
CodeHeap 'non-nmethods': size=7488Kb used=2541Kb max_used=3176Kb free=4946Kb
 bounds [0x000001deef0a0000, 0x000001deef3d0000, 0x000001deef7f0000]
 total_blobs=3398 nmethods=2890 adapters=410
 compilation: enabled
              stopped_count=0, restarted_count=0
 full_count=0

Compilation events (20 events):
Event: 2.377 Thread 0x000001defdd49450 nmethod 2854 0x000001deef906210 code [0x000001deef9063a0, 0x000001deef906650]
Event: 2.377 Thread 0x000001defdd49450 2855       4       java.io.ObjectStreamField::<init> (231 bytes)
Event: 2.381 Thread 0x000001defdd49450 nmethod 2855 0x000001deef906810 code [0x000001deef9069e0, 0x000001deef906f98]
Event: 2.389 Thread 0x000001defdd49450 2856   !   4       java.io.ObjectOutputStream::writeObject (38 bytes)
Event: 2.390 Thread 0x000001defdd49450 nmethod 2856 0x000001deef907190 code [0x000001deef907340, 0x000001deef907488]
Event: 2.392 Thread 0x000001defdd49450 2857   !   4       java.io.ObjectInputStream::readObject (160 bytes)
Event: 2.395 Thread 0x000001defdd49450 nmethod 2857 0x000001deef907590 code [0x000001deef907780, 0x000001deef907b78]
Event: 2.397 Thread 0x000001defdd49450 2858       4       java.lang.Class::forName (24 bytes)
Event: 2.398 Thread 0x000001defdd49450 nmethod 2858 0x000001deef907f10 code [0x000001deef9080a0, 0x000001deef908138]
Event: 2.400 Thread 0x000001defdd49450 2859       4       java.io.ObjectStreamClass::isRecord (9 bytes)
Event: 2.401 Thread 0x000001defdd49450 nmethod 2859 0x000001deef908210 code [0x000001deef9083a0, 0x000001deef908450]
Event: 2.401 Thread 0x000001defdd49450 2860       4       java.io.ObjectStreamClass::isExternalizable (9 bytes)
Event: 2.401 Thread 0x000001defdd49450 nmethod 2860 0x000001deef908510 code [0x000001deef9086a0, 0x000001deef908750]
Event: 2.402 Thread 0x000001defd61c190 2861       3       java.lang.invoke.Invokers$Holder::linkToTargetMethod (10 bytes)
Event: 2.402 Thread 0x000001defd4c3440 2862       3       java.lang.invoke.DirectMethodHandle$Holder::newInvokeSpecial (24 bytes)
Event: 2.402 Thread 0x000001defd61c190 nmethod 2861 0x000001dee820ae90 code [0x000001dee820b060, 0x000001dee820b338]
Event: 2.402 Thread 0x000001defd4c3440 nmethod 2862 0x000001dee820b410 code [0x000001dee820b600, 0x000001dee820bbb0]
Event: 2.409 Thread 0x000001defd61c190 2863       3       com.intellij.database.remote.jdba.impl.RemoteCursorImpl::hasRows (13 bytes)
Event: 2.409 Thread 0x000001defd61c190 nmethod 2863 0x000001dee820bd90 code [0x000001dee820bf40, 0x000001dee820c220]
Event: 2.410 Thread 0x000001defdd49450 2864   !   4       java.io.BufferedOutputStream::flush (60 bytes)

GC Heap History (4 events):
Event: 0.660 GC heap before
{Heap before GC invocations=0 (full 0):
 garbage-first heap   total 131072K, used 27648K [0x0000000080000000, 0x0000000100000000)
  region size 1024K, 23 young (23552K), 0 survivors (0K)
 Metaspace       used 7599K, committed 8000K, reserved 1114112K
  class space    used 962K, committed 1152K, reserved 1048576K
}
Event: 0.667 GC heap after
{Heap after GC invocations=1 (full 0):
 garbage-first heap   total 131072K, used 8894K [0x0000000080000000, 0x0000000100000000)
  region size 1024K, 3 young (3072K), 3 survivors (3072K)
 Metaspace       used 7599K, committed 8000K, reserved 1114112K
  class space    used 962K, committed 1152K, reserved 1048576K
}
Event: 2.118 GC heap before
{Heap before GC invocations=1 (full 0):
 garbage-first heap   total 131072K, used 37566K [0x0000000080000000, 0x0000000100000000)
  region size 1024K, 31 young (31744K), 3 survivors (3072K)
 Metaspace       used 11234K, committed 11712K, reserved 1114112K
  class space    used 1276K, committed 1472K, reserved 1048576K
}
Event: 2.123 GC heap after
{Heap after GC invocations=2 (full 0):
 garbage-first heap   total 131072K, used 10754K [0x0000000080000000, 0x0000000100000000)
  region size 1024K, 2 young (2048K), 2 survivors (2048K)
 Metaspace       used 11234K, committed 11712K, reserved 1114112K
  class space    used 1276K, committed 1472K, reserved 1048576K
}

Dll operation events (3 events):
Event: 0.007 Loaded shared library C:\Program Files\JetBrains\IntelliJ IDEA 2025.1.4.1\jbr\bin\java.dll
Event: 0.034 Loaded shared library C:\Program Files\JetBrains\IntelliJ IDEA 2025.1.4.1\jbr\bin\zip.dll
Event: 0.345 Loaded shared library C:\Program Files\JetBrains\IntelliJ IDEA 2025.1.4.1\jbr\bin\verify.dll

Deoptimization events (20 events):
Event: 2.275 Thread 0x000001defd778650 DEOPT PACKING pc=0x000001deef8faad0 sp=0x000000da3dcfdec0
Event: 2.275 Thread 0x000001defd778650 DEOPT UNPACKING pc=0x000001deef0f46a2 sp=0x000000da3dcfde10 mode 2
Event: 2.275 Thread 0x000001defd778650 Uncommon trap: trap_request=0xffffffbe fr.pc=0x000001deef8faad0 relative=0x0000000000000330
Event: 2.275 Thread 0x000001defd778650 Uncommon trap: reason=profile_predicate action=maybe_recompile pc=0x000001deef8faad0 method=sun.security.provider.HashDrbg.addBytes([BI[[B)V @ 36 c2
Event: 2.275 Thread 0x000001defd778650 DEOPT PACKING pc=0x000001deef8faad0 sp=0x000000da3dcfdec0
Event: 2.275 Thread 0x000001defd778650 DEOPT UNPACKING pc=0x000001deef0f46a2 sp=0x000000da3dcfde10 mode 2
Event: 2.276 Thread 0x000001defd778650 Uncommon trap: trap_request=0xffffffbe fr.pc=0x000001deef8faad0 relative=0x0000000000000330
Event: 2.276 Thread 0x000001defd778650 Uncommon trap: reason=profile_predicate action=maybe_recompile pc=0x000001deef8faad0 method=sun.security.provider.HashDrbg.addBytes([BI[[B)V @ 36 c2
Event: 2.276 Thread 0x000001defd778650 DEOPT PACKING pc=0x000001deef8faad0 sp=0x000000da3dcfde10
Event: 2.276 Thread 0x000001defd778650 DEOPT UNPACKING pc=0x000001deef0f46a2 sp=0x000000da3dcfdd60 mode 2
Event: 2.276 Thread 0x000001defd778650 Uncommon trap: trap_request=0xffffffbe fr.pc=0x000001deef8faad0 relative=0x0000000000000330
Event: 2.276 Thread 0x000001defd778650 Uncommon trap: reason=profile_predicate action=maybe_recompile pc=0x000001deef8faad0 method=sun.security.provider.HashDrbg.addBytes([BI[[B)V @ 36 c2
Event: 2.276 Thread 0x000001defd778650 DEOPT PACKING pc=0x000001deef8faad0 sp=0x000000da3dcfde10
Event: 2.276 Thread 0x000001defd778650 DEOPT UNPACKING pc=0x000001deef0f46a2 sp=0x000000da3dcfdd60 mode 2
Event: 2.466 Thread 0x000001defd778650 Uncommon trap: trap_request=0xffffff45 fr.pc=0x000001deef8cea78 relative=0x0000000000000638
Event: 2.466 Thread 0x000001defd778650 Uncommon trap: reason=unstable_if action=reinterpret pc=0x000001deef8cea78 method=java.io.BufferedOutputStream.growIfNeeded(I)V @ 24 c2
Event: 2.466 Thread 0x000001defd778650 DEOPT PACKING pc=0x000001deef8cea78 sp=0x000000da3dcfdf70
Event: 2.697 Thread 0x000001defd7b4c30 Uncommon trap: trap_request=0xffffff45 fr.pc=0x000001deef8b8a5c relative=0x00000000000005fc
Event: 2.697 Thread 0x000001defd7b4c30 Uncommon trap: reason=unstable_if action=reinterpret pc=0x000001deef8b8a5c method=java.io.ObjectInputStream$BlockDataInputStream.read()I @ 4 c2
Event: 2.697 Thread 0x000001defd7b4c30 DEOPT PACKING pc=0x000001deef8b8a5c sp=0x000000da3ddfe6f0

Classes loaded (20 events):
Event: 0.894 Loading class java/util/Vector$1
Event: 0.894 Loading class java/util/Vector$1 done
Event: 1.004 Loading class java/util/regex/Pattern$LookBehindEndNode
Event: 1.004 Loading class java/util/regex/Pattern$LookBehindEndNode done
Event: 1.004 Loading class java/util/regex/Pattern$Behind
Event: 1.004 Loading class java/util/regex/Pattern$Behind done
Event: 1.004 Loading class java/util/regex/Pattern$Neg
Event: 1.004 Loading class java/util/regex/Pattern$Neg done
Event: 1.004 Loading class java/util/regex/Pattern$NotBehind
Event: 1.004 Loading class java/util/regex/Pattern$NotBehind done
Event: 1.004 Loading class java/util/regex/Pattern$Pos
Event: 1.004 Loading class java/util/regex/Pattern$Pos done
Event: 1.027 Loading class java/lang/AbstractMethodError
Event: 1.027 Loading class java/lang/AbstractMethodError done
Event: 1.058 Loading class java/util/function/UnaryOperator
Event: 1.058 Loading class java/util/function/UnaryOperator done
Event: 1.104 Loading class java/lang/Byte$ByteCache
Event: 1.104 Loading class java/lang/Byte$ByteCache done
Event: 1.104 Loading class java/lang/Short$ShortCache
Event: 1.104 Loading class java/lang/Short$ShortCache done

Classes unloaded (0 events):
No events

Classes redefined (0 events):
No events

Internal exceptions (20 events):
Event: 0.813 Thread 0x000001defd778650 Exception <a 'java/lang/NoSuchMethodError'{0x0000000087aee7b8}: 'java.lang.Object java.lang.invoke.Invokers$Holder.invokeExact_MT(java.lang.Object, java.lang.Object, java.lang.Object, java.lang.Object, java.lang.Object)'> (0x0000000087aee7b8) 
thrown [s\src\hotspot\share\interpreter\linkResolver.cpp, line 784]
Event: 0.832 Thread 0x000001defd778650 Exception <a 'java/lang/NoSuchMethodError'{0x0000000087905788}: 'int java.lang.invoke.DirectMethodHandle$Holder.invokeInterface(java.lang.Object, java.lang.Object)'> (0x0000000087905788) 
thrown [s\src\hotspot\share\interpreter\linkResolver.cpp, line 784]
Event: 0.877 Thread 0x000001defd778650 Exception <a 'java/lang/NoSuchMethodError'{0x000000008788e4d0}: 'int java.lang.invoke.DirectMethodHandle$Holder.invokeInterface(java.lang.Object, java.lang.Object, int)'> (0x000000008788e4d0) 
thrown [s\src\hotspot\share\interpreter\linkResolver.cpp, line 784]
Event: 0.877 Thread 0x000001defd778650 Exception <a 'java/lang/NoSuchMethodError'{0x0000000087892580}: 'int java.lang.invoke.DirectMethodHandle$Holder.invokeSpecial(java.lang.Object, java.lang.Object, java.lang.Object, int)'> (0x0000000087892580) 
thrown [s\src\hotspot\share\interpreter\linkResolver.cpp, line 784]
Event: 0.878 Thread 0x000001defd778650 Exception <a 'java/lang/NoSuchMethodError'{0x00000000878a4820}: 'java.lang.Object java.lang.invoke.DirectMethodHandle$Holder.invokeStatic(java.lang.Object, java.lang.Object, java.lang.Object, java.lang.Object, int)'> (0x00000000878a4820) 
thrown [s\src\hotspot\share\interpreter\linkResolver.cpp, line 784]
Event: 0.893 Thread 0x000001defd778650 Exception <a 'java/lang/NoSuchMethodError'{0x00000000878c8088}: 'void java.lang.invoke.DirectMethodHandle$Holder.invokeInterface(java.lang.Object, java.lang.Object)'> (0x00000000878c8088) 
thrown [s\src\hotspot\share\interpreter\linkResolver.cpp, line 784]
Event: 1.005 Thread 0x000001defd778650 Exception <a 'java/lang/NoSuchMethodError'{0x0000000087786070}: static Lcom/intellij/database/remote/jdba/core/ConnectionInfo;.<clinit>()V> (0x0000000087786070) 
thrown [s\src\hotspot\share\prims\jni.cpp, line 1139]
Event: 1.005 Thread 0x000001defd778650 Exception <a 'java/lang/NoSuchMethodError'{0x0000000087790bc8}: static Ljava/lang/Object;.<clinit>()V> (0x0000000087790bc8) 
thrown [s\src\hotspot\share\prims\jni.cpp, line 1139]
Event: 1.006 Thread 0x000001defd778650 Exception <a 'java/lang/NoSuchMethodError'{0x00000000877951a8}: static [I.<clinit>()V> (0x00000000877951a8) 
thrown [s\src\hotspot\share\prims\jni.cpp, line 1139]
Event: 1.036 Thread 0x000001defd778650 Exception <a 'java/lang/NoSuchMethodError'{0x00000000877cd908}: 'java.lang.Object java.lang.invoke.DirectMethodHandle$Holder.invokeInterface(java.lang.Object, java.lang.Object, java.lang.Object, java.lang.Object)'> (0x00000000877cd908) 
thrown [s\src\hotspot\share\interpreter\linkResolver.cpp, line 784]
Event: 1.060 Thread 0x000001defd778650 Exception <a 'java/lang/NoSuchMethodError'{0x00000000876fc638}: 'void java.lang.invoke.DirectMethodHandle$Holder.invokeInterface(java.lang.Object, java.lang.Object, int)'> (0x00000000876fc638) 
thrown [s\src\hotspot\share\interpreter\linkResolver.cpp, line 784]
Event: 1.060 Thread 0x000001defd778650 Exception <a 'java/lang/NoSuchMethodError'{0x0000000087500548}: 'void java.lang.invoke.DelegatingMethodHandle$Holder.reinvoke_L(java.lang.Object, java.lang.Object, int)'> (0x0000000087500548) 
thrown [s\src\hotspot\share\interpreter\linkResolver.cpp, line 784]
Event: 1.084 Thread 0x000001defd778650 Exception <a 'java/lang/NoSuchMethodError'{0x0000000087443a38}: static Lcom/intellij/database/remote/jdba/core/ResultLayout;.<clinit>()V> (0x0000000087443a38) 
thrown [s\src\hotspot\share\prims\jni.cpp, line 1139]
Event: 1.086 Thread 0x000001defd778650 Exception <a 'java/lang/NoSuchMethodError'{0x0000000087453ba8}: static Lcom/intellij/database/remote/jdba/core/RowLayout;.<clinit>()V> (0x0000000087453ba8) 
thrown [s\src\hotspot\share\prims\jni.cpp, line 1139]
Event: 1.086 Thread 0x000001defd778650 Exception <a 'java/lang/NoSuchMethodError'{0x000000008745f970}: static Lcom/intellij/database/remote/jdba/util/NameAndClass;.<clinit>()V> (0x000000008745f970) 
thrown [s\src\hotspot\share\prims\jni.cpp, line 1139]
Event: 1.087 Thread 0x000001defd778650 Exception <a 'java/lang/NoSuchMethodError'{0x0000000087474070}: 'java.lang.Object java.lang.invoke.DirectMethodHandle$Holder.invokeInterface(java.lang.Object, java.lang.Object, int, java.lang.Object)'> (0x0000000087474070) 
thrown [s\src\hotspot\share\interpreter\linkResolver.cpp, line 784]
Event: 1.088 Thread 0x000001defd778650 Exception <a 'java/lang/NoSuchMethodError'{0x0000000087478210}: 'java.lang.Object java.lang.invoke.DirectMethodHandle$Holder.invokeSpecial(java.lang.Object, java.lang.Object, java.lang.Object, int, java.lang.Object)'> (0x0000000087478210) 
thrown [s\src\hotspot\share\interpreter\linkResolver.cpp, line 784]
Event: 1.099 Thread 0x000001defd778650 Exception <a 'java/lang/NoSuchMethodError'{0x00000000874ec548}: 'java.lang.Object java.lang.invoke.DirectMethodHandle$Holder.newInvokeSpecial(java.lang.Object, java.lang.Object, int)'> (0x00000000874ec548) 
thrown [s\src\hotspot\share\interpreter\linkResolver.cpp, line 784]
Event: 1.106 Thread 0x000001defd778650 Exception <a 'java/lang/NoSuchMethodError'{0x0000000087346118}: static [Ljava/lang/Object;.<clinit>()V> (0x0000000087346118) 
thrown [s\src\hotspot\share\prims\jni.cpp, line 1139]
Event: 1.374 Thread 0x000001defd778650 Exception <a 'java/lang/NoSuchMethodError'{0x0000000086e07a08}: 'java.lang.Object java.lang.invoke.DirectMethodHandle$Holder.newInvokeSpecial(java.lang.Object, java.lang.Object, long)'> (0x0000000086e07a08) 
thrown [s\src\hotspot\share\interpreter\linkResolver.cpp, line 784]

ZGC Phase Switch (0 events):
No events

VM Operations (20 events):
Event: 0.138 Executing VM operation: HandshakeAllThreads (Deoptimize)
Event: 0.138 Executing VM operation: HandshakeAllThreads (Deoptimize) done
Event: 0.368 Executing VM operation: HandshakeAllThreads (Deoptimize)
Event: 0.368 Executing VM operation: HandshakeAllThreads (Deoptimize) done
Event: 0.524 Executing VM operation: ICBufferFull
Event: 0.524 Executing VM operation: ICBufferFull done
Event: 0.562 Executing VM operation: HandshakeAllThreads (Deoptimize)
Event: 0.562 Executing VM operation: HandshakeAllThreads (Deoptimize) done
Event: 0.562 Executing VM operation: HandshakeAllThreads (Deoptimize)
Event: 0.562 Executing VM operation: HandshakeAllThreads (Deoptimize) done
Event: 0.631 Executing VM operation: HandshakeAllThreads (Deoptimize)
Event: 0.631 Executing VM operation: HandshakeAllThreads (Deoptimize) done
Event: 0.660 Executing VM operation: G1CollectForAllocation (G1 Evacuation Pause)
Event: 0.667 Executing VM operation: G1CollectForAllocation (G1 Evacuation Pause) done
Event: 0.680 Executing VM operation: HandshakeAllThreads (Deoptimize)
Event: 0.680 Executing VM operation: HandshakeAllThreads (Deoptimize) done
Event: 1.092 Executing VM operation: ICBufferFull
Event: 1.092 Executing VM operation: ICBufferFull done
Event: 2.118 Executing VM operation: G1CollectForAllocation (G1 Evacuation Pause)
Event: 2.123 Executing VM operation: G1CollectForAllocation (G1 Evacuation Pause) done

Memory protections (0 events):
No events

Nmethod flushes (0 events):
No events

Events (20 events):
Event: 0.533 Thread 0x000001dee3c0f8a0 Thread added: 0x000001defd5d2cc0
Event: 0.542 Thread 0x000001dee3c0f8a0 Thread added: 0x000001defd5f2920
Event: 0.542 Thread 0x000001dee3c0f8a0 Thread added: 0x000001defd673ab0
Event: 0.543 Loaded shared library C:\Program Files\JetBrains\IntelliJ IDEA 2025.1.4.1\jbr\bin\rmi.dll
Event: 0.543 Thread 0x000001dee3c0f8a0 Thread added: 0x000001defd67a140
Event: 0.563 Thread 0x000001defd5d2cc0 Thread added: 0x000001defd753bc0
Event: 0.563 Thread 0x000001defd5d2cc0 Thread added: 0x000001defd754220
Event: 0.589 Thread 0x000001defd754220 Thread added: 0x000001defd777ff0
Event: 0.589 Thread 0x000001defd5f2920 Thread added: 0x000001defd778650
Event: 0.591 Thread 0x000001defd5f2920 Thread added: 0x000001defd7b4c30
Event: 0.611 Thread 0x000001defd778650 Thread added: 0x000001defd7b3880
Event: 0.784 Loaded shared library C:\Users\Lab_Software\AppData\Local\JetBrains\IntelliJIdea2025.1\jdbc-native-deps\Xerial SQLiteJDBC\3.45.1\sqlite-jdbc-3.45.1.0\libs\sqlite-3.45.1.0-bd048c7e-ee92-4b62-b737-232c7241b2a0-sqlitejdbc.dll
Event: 0.978 Thread 0x000001defcf88b10 Thread exited: 0x000001defcf88b10
Event: 0.982 Thread 0x000001defcf87140 Thread exited: 0x000001defcf87140
Event: 1.072 Thread 0x000001defd4c3440 Thread added: 0x000001defd85da30
Event: 1.072 Thread 0x000001defd4c3440 Thread added: 0x000001defd85e0d0
Event: 1.773 Thread 0x000001defd85e0d0 Thread exited: 0x000001defd85e0d0
Event: 2.040 Thread 0x000001defd85da30 Thread exited: 0x000001defd85da30
Event: 2.169 Thread 0x000001defd4c3440 Thread added: 0x000001defdd49450
Event: 2.187 Thread 0x000001defcc7d0f0 Thread added: 0x000001defd7409e0


Dynamic libraries:
0x00007ff6766a0000 - 0x00007ff6766aa000 	C:\Program Files\JetBrains\IntelliJ IDEA 2025.1.4.1\jbr\bin\java.exe
0x00007ffaf3c40000 - 0x00007ffaf3ea8000 	C:\WINDOWS\SYSTEM32\ntdll.dll
0x00007ffaf2790000 - 0x00007ffaf2859000 	C:\WINDOWS\System32\KERNEL32.DLL
0x00007ffaf11c0000 - 0x00007ffaf15b8000 	C:\WINDOWS\System32\KERNELBASE.dll
0x00007ffaf1070000 - 0x00007ffaf11bb000 	C:\WINDOWS\System32\ucrtbase.dll
0x00007ffae3bc0000 - 0x00007ffae3bdb000 	C:\Program Files\JetBrains\IntelliJ IDEA 2025.1.4.1\jbr\bin\VCRUNTIME140.dll
0x00007ffad8e30000 - 0x00007ffad8e48000 	C:\Program Files\JetBrains\IntelliJ IDEA 2025.1.4.1\jbr\bin\jli.dll
0x00007ffaf2b00000 - 0x00007ffaf2cc7000 	C:\WINDOWS\System32\USER32.dll
0x00007ffaf17a0000 - 0x00007ffaf17c7000 	C:\WINDOWS\System32\win32u.dll
0x00007ffaddc70000 - 0x00007ffaddf04000 	C:\WINDOWS\WinSxS\amd64_microsoft.windows.common-controls_6595b64144ccf1df_6.0.26100.7019_none_3e06ffa0e335b8a8\COMCTL32.dll
0x00007ffaf3390000 - 0x00007ffaf33bb000 	C:\WINDOWS\System32\GDI32.dll
0x00007ffaf32e0000 - 0x00007ffaf3389000 	C:\WINDOWS\System32\msvcrt.dll
0x00007ffaf15c0000 - 0x00007ffaf16ec000 	C:\WINDOWS\System32\gdi32full.dll
0x00007ffaf0e50000 - 0x00007ffaf0ef3000 	C:\WINDOWS\System32\msvcp_win.dll
0x00007ffaf3bb0000 - 0x00007ffaf3be1000 	C:\WINDOWS\System32\IMM32.DLL
0x00007ffaebb40000 - 0x00007ffaebb4c000 	C:\Program Files\JetBrains\IntelliJ IDEA 2025.1.4.1\jbr\bin\vcruntime140_1.dll
0x00007ffab6a80000 - 0x00007ffab6b0d000 	C:\Program Files\JetBrains\IntelliJ IDEA 2025.1.4.1\jbr\bin\msvcp140.dll
0x00007ffaac780000 - 0x00007ffaad541000 	C:\Program Files\JetBrains\IntelliJ IDEA 2025.1.4.1\jbr\bin\server\jvm.dll
0x00007ffaf2a40000 - 0x00007ffaf2af4000 	C:\WINDOWS\System32\ADVAPI32.dll
0x00007ffaf2980000 - 0x00007ffaf2a26000 	C:\WINDOWS\System32\sechost.dll
0x00007ffaf2860000 - 0x00007ffaf2978000 	C:\WINDOWS\System32\RPCRT4.dll
0x00007ffaf3260000 - 0x00007ffaf32d4000 	C:\WINDOWS\System32\WS2_32.dll
0x00007ffaf0bf0000 - 0x00007ffaf0c4e000 	C:\WINDOWS\SYSTEM32\POWRPROF.dll
0x00007ffaeaae0000 - 0x00007ffaeaaeb000 	C:\WINDOWS\SYSTEM32\VERSION.dll
0x00007ffae1ec0000 - 0x00007ffae1ef5000 	C:\WINDOWS\SYSTEM32\WINMM.dll
0x00007ffaf0bd0000 - 0x00007ffaf0be4000 	C:\WINDOWS\SYSTEM32\UMPDC.dll
0x00007ffaefb10000 - 0x00007ffaefb2b000 	C:\WINDOWS\SYSTEM32\kernel.appcore.dll
0x00007ffaeab80000 - 0x00007ffaeab8a000 	C:\Program Files\JetBrains\IntelliJ IDEA 2025.1.4.1\jbr\bin\jimage.dll
0x00007ffaee3f0000 - 0x00007ffaee632000 	C:\WINDOWS\SYSTEM32\DBGHELP.DLL
0x00007ffaf2d30000 - 0x00007ffaf30bb000 	C:\WINDOWS\System32\combase.dll
0x00007ffaf2200000 - 0x00007ffaf22d7000 	C:\WINDOWS\System32\OLEAUT32.dll
0x00007ffac8020000 - 0x00007ffac805c000 	C:\WINDOWS\SYSTEM32\dbgcore.DLL
0x00007ffaf16f0000 - 0x00007ffaf1795000 	C:\WINDOWS\System32\bcryptPrimitives.dll
0x00007ffae3ba0000 - 0x00007ffae3bc0000 	C:\Program Files\JetBrains\IntelliJ IDEA 2025.1.4.1\jbr\bin\java.dll
0x00007ffaf33c0000 - 0x00007ffaf3b0f000 	C:\WINDOWS\System32\SHELL32.dll
0x00007ffaf0f00000 - 0x00007ffaf106b000 	C:\WINDOWS\System32\wintypes.dll
0x00007ffaee990000 - 0x00007ffaef1ed000 	C:\WINDOWS\SYSTEM32\windows.storage.dll
0x00007ffaf1b00000 - 0x00007ffaf1bf2000 	C:\WINDOWS\System32\SHCORE.dll
0x00007ffaf2190000 - 0x00007ffaf21f7000 	C:\WINDOWS\System32\shlwapi.dll
0x00007ffaf0cb0000 - 0x00007ffaf0cd9000 	C:\WINDOWS\SYSTEM32\profapi.dll
0x00007ffae1b30000 - 0x00007ffae1b48000 	C:\Program Files\JetBrains\IntelliJ IDEA 2025.1.4.1\jbr\bin\zip.dll
0x00007ffaeaaf0000 - 0x00007ffaeab00000 	C:\Program Files\JetBrains\IntelliJ IDEA 2025.1.4.1\jbr\bin\net.dll
0x00007ffaea2d0000 - 0x00007ffaea3f8000 	C:\WINDOWS\SYSTEM32\WINHTTP.dll
0x00007ffaf0060000 - 0x00007ffaf00cb000 	C:\WINDOWS\system32\mswsock.dll
0x00007ffae1ad0000 - 0x00007ffae1ae6000 	C:\Program Files\JetBrains\IntelliJ IDEA 2025.1.4.1\jbr\bin\nio.dll
0x00007ffae1a30000 - 0x00007ffae1a40000 	C:\Program Files\JetBrains\IntelliJ IDEA 2025.1.4.1\jbr\bin\verify.dll
0x00007ffaef500000 - 0x00007ffaef534000 	C:\WINDOWS\SYSTEM32\IPHLPAPI.DLL
0x00007ffaf2a30000 - 0x00007ffaf2a3a000 	C:\WINDOWS\System32\NSI.dll
0x00007ffaf0450000 - 0x00007ffaf046b000 	C:\WINDOWS\SYSTEM32\CRYPTSP.dll
0x00007ffaefa70000 - 0x00007ffaefaaa000 	C:\WINDOWS\system32\rsaenh.dll
0x00007ffaf0110000 - 0x00007ffaf013b000 	C:\WINDOWS\SYSTEM32\USERENV.dll
0x00007ffaf0c80000 - 0x00007ffaf0caa000 	C:\WINDOWS\SYSTEM32\bcrypt.dll
0x00007ffaf02b0000 - 0x00007ffaf02bc000 	C:\WINDOWS\SYSTEM32\CRYPTBASE.dll
0x00007ffae1520000 - 0x00007ffae1529000 	C:\Program Files\JetBrains\IntelliJ IDEA 2025.1.4.1\jbr\bin\extnet.dll
0x00007ffad92d0000 - 0x00007ffad92d7000 	C:\Program Files\JetBrains\IntelliJ IDEA 2025.1.4.1\jbr\bin\rmi.dll
0x00007ffaae940000 - 0x00007ffaaea34000 	C:\Users\Lab_Software\AppData\Local\JetBrains\IntelliJIdea2025.1\jdbc-native-deps\Xerial SQLiteJDBC\3.45.1\sqlite-jdbc-3.45.1.0\libs\sqlite-3.45.1.0-bd048c7e-ee92-4b62-b737-232c7241b2a0-sqlitejdbc.dll

dbghelp: loaded successfully - version: 4.0.5 - missing functions: none
symbol engine: initialized successfully - sym options: 0x614 - pdb path: .;C:\Program Files\JetBrains\IntelliJ IDEA 2025.1.4.1\jbr\bin;C:\WINDOWS\SYSTEM32;C:\WINDOWS\WinSxS\amd64_microsoft.windows.common-controls_6595b64144ccf1df_6.0.26100.7019_none_3e06ffa0e335b8a8;C:\Program Files\JetBrains\IntelliJ IDEA 2025.1.4.1\jbr\bin\server;C:\Users\Lab_Software\AppData\Local\JetBrains\IntelliJIdea2025.1\jdbc-native-deps\Xerial SQLiteJDBC\3.45.1\sqlite-jdbc-3.45.1.0\libs

VM Arguments:
jvm_args: -Dorg.sqlite.tmpdir=C:\Users\Lab_Software\AppData\Local\JetBrains\IntelliJIdea2025.1\jdbc-native-deps\Xerial SQLiteJDBC\3.45.1\sqlite-jdbc-3.45.1.0\libs -Djava.rmi.server.hostname=127.0.0.1 -Duser.timezone=UTC -Xmx2048m -Xms128m -Djdbc.classpath=C:\Users\Lab_Software\AppData\Local\Temp\RemoteDriver.classpath.txt --add-exports=java.desktop/sun.awt=ALL-UNNAMED --add-exports=java.desktop/java.awt.peer=ALL-UNNAMED --add-opens=java.desktop/java.awt=ALL-UNNAMED --add-opens=jdk.unsupported/sun.misc=ALL-UNNAMED --add-opens=java.base/java.nio=ALL-UNNAMED --add-opens=java.base/java.util=ALL-UNNAMED -Dfile.encoding=UTF-8 -Dsun.stdout.encoding=UTF-8 -Dsun.stderr.encoding=UTF-8 
java_command: com.intellij.database.remote.RemoteJdbcServer org.sqlite.JDBC
java_class_path (initial): C:\Program Files\JetBrains\IntelliJ IDEA 2025.1.4.1\lib\util_rt.jar;C:\Program Files\JetBrains\IntelliJ IDEA 2025.1.4.1\lib\util-8.jar;C:\Program Files\JetBrains\IntelliJ IDEA 2025.1.4.1\lib\groovy.jar;C:\Program Files\JetBrains\IntelliJ IDEA 2025.1.4.1\plugins\DatabaseTools\lib\jdbc-console.jar;C:\Program Files\JetBrains\IntelliJ IDEA 2025.1.4.1\lib\modules\intellij.grid.types.jar;C:\Program Files\JetBrains\IntelliJ IDEA 2025.1.4.1\lib\util.jar;C:\Program Files\JetBrains\IntelliJ IDEA 2025.1.4.1\lib\bouncy-castle.jar
Launcher Type: SUN_STANDARD

[Global flags]
     intx CICompilerCount                          = 12                                        {product} {ergonomic}
     uint ConcGCThreads                            = 3                                         {product} {ergonomic}
     uint G1ConcRefinementThreads                  = 13                                        {product} {ergonomic}
   size_t G1HeapRegionSize                         = 1048576                                   {product} {ergonomic}
    uintx GCDrainStackTargetSize                   = 64                                        {product} {ergonomic}
   size_t InitialHeapSize                          = 134217728                                 {product} {command line}
   size_t MarkStackSize                            = 4194304                                   {product} {ergonomic}
   size_t MaxHeapSize                              = 2147483648                                {product} {command line}
   size_t MaxNewSize                               = 1287651328                                {product} {ergonomic}
   size_t MinHeapDeltaBytes                        = 1048576                                   {product} {ergonomic}
   size_t MinHeapSize                              = 134217728                                 {product} {command line}
    uintx NonNMethodCodeHeapSize                   = 7602480                                {pd product} {ergonomic}
    uintx NonProfiledCodeHeapSize                  = 122027880                              {pd product} {ergonomic}
    uintx ProfiledCodeHeapSize                     = 122027880                              {pd product} {ergonomic}
    uintx ReservedCodeCacheSize                    = 251658240                              {pd product} {ergonomic}
     bool SegmentedCodeCache                       = true                                      {product} {ergonomic}
   size_t SoftMaxHeapSize                          = 2147483648                             {manageable} {ergonomic}
     bool UseCompressedOops                        = true                           {product lp64_product} {ergonomic}
     bool UseG1GC                                  = true                                      {product} {ergonomic}
     bool UseLargePagesIndividualAllocation        = false                                  {pd product} {ergonomic}

Logging:
Log output configuration:
 #0: stdout all=warning uptime,level,tags foldmultilines=false
 #1: stderr all=off uptime,level,tags foldmultilines=false

Environment Variables:
JAVA_HOME=C:\Program Files\Java\jdk-17
PATH=C:\Python313\Scripts\;C:\Python313\;C:\WINDOWS\system32;C:\WINDOWS;C:\WINDOWS\System32\Wbem;C:\WINDOWS\System32\WindowsPowerShell\v1.0\;C:\WINDOWS\System32\OpenSSH\;C:\Program Files\Git\cmd;C:\Program Files\nodejs\;C:\Program Files\Java\jdk-17\bin;C:\ProgramData\chocolatey\bin;C:\apache-maven-3.9.11\bin;C:\gradle-9.0.0-bin\gradle-9.0.0\bin;C:\Users\Lab_Software\AppData\Local\Microsoft\WindowsApps;C:\Users\Lab_Software\AppData\Roaming\npm;C:\Users\Lab_Software\AppData\Local\Programs\Microsoft VS Code\bin
USERNAME=SOFTWARE
OS=Windows_NT
PROCESSOR_IDENTIFIER=Intel64 Family 6 Model 165 Stepping 5, GenuineIntel
TMP=C:\Users\LAB_SO~1\AppData\Local\Temp
TEMP=C:\Users\LAB_SO~1\AppData\Local\Temp




Periodic native trim disabled

JNI global refs:
JNI global refs: 26, weak refs: 10

JNI global refs memory usage: 835, weak refs: 833

Process memory usage:
Resident Set Size: 146448K (0% of 24904300K total physical memory with 10794088K free physical memory)

OOME stack traces (most recent first):
Classloader memory used:
Loader bootstrap                                                                       : 6663K
Loader jdk.internal.loader.ClassLoaders$AppClassLoader                                 : 3384K
Loader com.intellij.database.remote.jdbc.impl.JdbcClassLoader$JdbcClassLoaderImpl      : 855K
Loader jdk.internal.loader.ClassLoaders$PlatformClassLoader                            : 284K
Loader jdk.internal.reflect.DelegatingClassLoader                                      : 122K
Loader com.intellij.database.remote.jdbc.impl.JdbcClassLoader$1                        : 6912B

---------------  S Y S T E M  ---------------

OS:
 Windows 11 , 64 bit Build 26100 (10.0.26100.7019)
OS uptime: 0 days 23:16 hours
Hyper-V role detected

CPU: total 16 (initial active 16) (8 cores per cpu, 2 threads per core) family 6 model 165 stepping 5 microcode 0xf0, cx8, cmov, fxsr, ht, mmx, 3dnowpref, sse, sse2, sse3, ssse3, sse4.1, sse4.2, popcnt, lzcnt, tsc, tscinvbit, avx, avx2, aes, erms, clmul, bmi1, bmi2, adx, fma, vzeroupper, clflush, clflushopt, hv, rdtscp, f16c
Processor Information for the first 16 processors :
  Max Mhz: 2904, Current Mhz: 2904, Mhz Limit: 2904

Memory: 4k page, system-wide physical 24320M (10541M free)
TotalPageFile size 62627M (AvailPageFile size 88M)
current process WorkingSet (physical memory assigned to process): 143M, peak: 152M
current process commit charge ("private bytes"): 279M, peak: 289M

vm_info: OpenJDK 64-Bit Server VM (21.0.7+9-b895.130) for windows-amd64 JRE (21.0.7+9-b895.130), built on 2025-05-13 by "builduser" with MS VC++ 16.10 / 16.11 (VS2019)

END.
